#
# There is insufficient memory for the Java Runtime Environment to continue.
# Native memory allocation (mmap) failed to map 134217728 bytes for G1 virtual space
# Possible reasons:
#   The system is out of physical RAM or swap space
#   The process is running with CompressedOops enabled, and the Java Heap may be blocking the growth of the native heap
# Possible solutions:
#   Reduce memory load on the system
#   Increase physical memory or swap space
#   Check if swap backing store is full
#   Decrease Java heap size (-Xmx/-Xms)
#   Decrease number of Java threads
#   Decrease Java thread stack sizes (-Xss)
#   Set larger code cache with -XX:ReservedCodeCacheSize=
#   JVM is running with Unscaled Compressed Oops mode in which the Java heap is
#     placed in the first 4GB address space. The Java Heap base address is the
#     maximum limit for the native heap growth. Please use -XX:HeapBaseMinAddress
#     to set the Java Heap base and to place the Java Heap above 4GB virtual address.
# This output file may be truncated or incomplete.
#
#  Out of Memory Error (os_windows.cpp:3603), pid=39772, tid=29316
#
# JRE version:  (21.0.7+8) (build )
# Java VM: Java HotSpot(TM) 64-Bit Server VM (21.0.7+8-LTS-245, mixed mode, sharing, tiered, compressed oops, compressed class ptrs, g1 gc, windows-amd64)
# No core dump will be written. Minidumps are not enabled by default on client versions of Windows
#

---------------  S U M M A R Y ------------

Command Line: -Dclassworlds.conf=D:\Program Files\NetBeans-23\netbeans\java\maven\bin\m2.conf -Dmaven.home=D:\Program Files\NetBeans-23\netbeans\java\maven -Dlibrary.jansi.path=D:\Program Files\NetBeans-23\netbeans\java\maven\lib\jansi-native -Dmaven.multiModuleProjectDirectory=C:\Users\samrc\Embedded-project org.codehaus.plexus.classworlds.launcher.Launcher -Dexec.vmArgs=--enable-preview -Dexec.args=${exec.vmArgs} -classpath %classpath ${exec.mainClass} ${exec.appArgs} -Dexec.executable=D:\Program Files\Java\jdk-21\bin\java.exe -Dexec.mainClass=battleship.BattleshipGUI -Dexec.classpathScope=runtime -Dexec.appArgs= -Dmaven.ext.class.path=D:\Program Files\NetBeans-23\netbeans\java\maven-nblib\netbeans-eventspy.jar --no-transfer-progress process-classes org.codehaus.mojo:exec-maven-plugin:3.1.0:exec

Host: AMD Ryzen 5 5600X 6-Core Processor             , 12 cores, 7G,  Windows 10 , 64 bit Build 19041 (10.0.19041.5915)
Time: Wed Oct 29 23:00:23 2025 New Zealand Daylight Time elapsed time: 0.006993 seconds (0d 0h 0m 0s)

---------------  T H R E A D  ---------------

Current thread (0x0000019a21c21c40):  JavaThread "Unknown thread" [_thread_in_vm, id=29316, stack(0x0000005890900000,0x0000005890a00000) (1024K)]

Stack: [0x0000005890900000,0x0000005890a00000]
Native frames: (J=compiled Java code, j=interpreted, Vv=VM code, C=native code)
V  [jvm.dll+0x6cae19]
V  [jvm.dll+0x855741]
V  [jvm.dll+0x857c6e]
V  [jvm.dll+0x858343]
V  [jvm.dll+0x27e0b6]
V  [jvm.dll+0x6c7595]
V  [jvm.dll+0x6bc0fa]
V  [jvm.dll+0x353eaa]
V  [jvm.dll+0x35bb26]
V  [jvm.dll+0x3ae52e]
V  [jvm.dll+0x3ae7d8]
V  [jvm.dll+0x3281bc]
V  [jvm.dll+0x328d1b]
V  [jvm.dll+0x81eaf9]
V  [jvm.dll+0x3bb211]
V  [jvm.dll+0x807d78]
V  [jvm.dll+0x4503ee]
V  [jvm.dll+0x451fe1]
C  [jli.dll+0x52a3]
C  [ucrtbase.dll+0x21bb2]
C  [KERNEL32.DLL+0x17374]
C  [ntdll.dll+0x4cc91]


---------------  P R O C E S S  ---------------

Threads class SMR info:
_java_thread_list=0x00007ff86549cc48, length=0, elements={
}

Java Threads: ( => current thread )
Total: 0

Other Threads:
  0x0000019a23d86040 WorkerThread "GC Thread#0"                     [id=37284, stack(0x0000005890a00000,0x0000005890b00000) (1024K)]
  0x0000019a23d97770 ConcurrentGCThread "G1 Main Marker"            [id=40048, stack(0x0000005890b00000,0x0000005890c00000) (1024K)]
  0x0000019a23d98920 WorkerThread "G1 Conc#0"                       [id=35408, stack(0x0000005890c00000,0x0000005890d00000) (1024K)]

[error occurred during error reporting (printing all threads), id 0xc0000005, EXCEPTION_ACCESS_VIOLATION (0xc0000005) at pc=0x00007ff864c0a947]
VM state: not at safepoint (not fully initialized)

VM Mutex/Monitor currently owned by a thread:  ([mutex/lock_event])
[0x00007ff86550df50] Heap_lock - owner thread: 0x0000019a21c21c40

Heap address: 0x0000000080c00000, size: 2036 MB, Compressed Oops mode: 32-bit

CDS archive(s) mapped at: [0x0000000000000000-0x0000000000000000-0x0000000000000000), size 0, SharedBaseAddress: 0x0000000800000000, ArchiveRelocationMode: 1.
Narrow klass base: 0x0000000000000000, Narrow klass shift: 0, Narrow klass range: 0x0

GC Precious Log:
 CardTable entry size: 512
 Card Set container configuration: InlinePtr #cards 5 size 8 Array Of Cards #cards 12 size 40 Howl #buckets 4 coarsen threshold 1843 Howl Bitmap #cards 512 size 80 coarsen threshold 460 Card regions per heap region 1 cards per card region 2048

Heap:
 garbage-first heap   total 0K, used 0K [0x0000000080c00000, 0x0000000100000000)
  region size 1024K, 0 young (0K), 0 survivors (0K)

[error occurred during error reporting (printing heap information), id 0xc0000005, EXCEPTION_ACCESS_VIOLATION (0xc0000005) at pc=0x00007ff864ff3e79]
GC Heap History (0 events):
No events

Dll operation events (1 events):
Event: 0.005 Loaded shared library D:\Program Files\Java\jdk-21\bin\java.dll

Deoptimization events (0 events):
No events

Classes loaded (0 events):
No events

Classes unloaded (0 events):
No events

Classes redefined (0 events):
No events

Internal exceptions (0 events):
No events

ZGC Phase Switch (0 events):
No events

VM Operations (0 events):
No events

Events (0 events):
No events


Dynamic libraries:
0x00007ff6968c0000 - 0x00007ff6968d0000 	D:\Program Files\Java\jdk-21\bin\java.exe
0x00007ff8d04d0000 - 0x00007ff8d06c8000 	C:\Windows\SYSTEM32\ntdll.dll
0x00007ff8cfeb0000 - 0x00007ff8cff72000 	C:\Windows\System32\KERNEL32.DLL
0x00007ff8ce110000 - 0x00007ff8ce406000 	C:\Windows\System32\KERNELBASE.dll
0x00007ff8cdde0000 - 0x00007ff8cdee0000 	C:\Windows\System32\ucrtbase.dll
0x00007ff8a98f0000 - 0x00007ff8a9909000 	D:\Program Files\Java\jdk-21\bin\jli.dll
0x00007ff8918c0000 - 0x00007ff8918db000 	D:\Program Files\Java\jdk-21\bin\VCRUNTIME140.dll
0x00007ff8d0130000 - 0x00007ff8d01e1000 	C:\Windows\System32\ADVAPI32.dll
0x00007ff8cedd0000 - 0x00007ff8cee6e000 	C:\Windows\System32\msvcrt.dll
0x00007ff8ce6e0000 - 0x00007ff8ce77f000 	C:\Windows\System32\sechost.dll
0x00007ff8ce5c0000 - 0x00007ff8ce6e0000 	C:\Windows\System32\RPCRT4.dll
0x00007ff8ce4c0000 - 0x00007ff8ce4e7000 	C:\Windows\System32\bcrypt.dll
0x00007ff8cff80000 - 0x00007ff8d0121000 	C:\Windows\System32\USER32.dll
0x00007ff8cddb0000 - 0x00007ff8cddd2000 	C:\Windows\System32\win32u.dll
0x00007ff8bc410000 - 0x00007ff8bc6ab000 	C:\Windows\WinSxS\amd64_microsoft.windows.common-controls_6595b64144ccf1df_6.0.19041.6456_none_60b8a6cb71f64256\COMCTL32.dll
0x00007ff8cfb20000 - 0x00007ff8cfb4b000 	C:\Windows\System32\GDI32.dll
0x00007ff8cdc90000 - 0x00007ff8cdda9000 	C:\Windows\System32\gdi32full.dll
0x00007ff8cdbf0000 - 0x00007ff8cdc8d000 	C:\Windows\System32\msvcp_win.dll
0x00007ff8cc830000 - 0x00007ff8cc83a000 	C:\Windows\SYSTEM32\VERSION.dll
0x00007ff8cef40000 - 0x00007ff8cef6f000 	C:\Windows\System32\IMM32.DLL
0x00007ff8a7250000 - 0x00007ff8a725c000 	D:\Program Files\Java\jdk-21\bin\vcruntime140_1.dll
0x00007ff8617a0000 - 0x00007ff86182e000 	D:\Program Files\Java\jdk-21\bin\msvcp140.dll
0x00007ff8648d0000 - 0x00007ff8655ea000 	D:\Program Files\Java\jdk-21\bin\server\jvm.dll
0x00007ff8ce4f0000 - 0x00007ff8ce55b000 	C:\Windows\System32\WS2_32.dll
0x00007ff8cd330000 - 0x00007ff8cd37b000 	C:\Windows\SYSTEM32\POWRPROF.dll
0x00007ff8bd3b0000 - 0x00007ff8bd3d7000 	C:\Windows\SYSTEM32\WINMM.dll
0x00007ff8cd2f0000 - 0x00007ff8cd302000 	C:\Windows\SYSTEM32\UMPDC.dll
0x00007ff8cc790000 - 0x00007ff8cc7a2000 	C:\Windows\SYSTEM32\kernel.appcore.dll
0x00007ff8a4f90000 - 0x00007ff8a4f9a000 	D:\Program Files\Java\jdk-21\bin\jimage.dll
0x00007ff8c5770000 - 0x00007ff8c5971000 	C:\Windows\SYSTEM32\DBGHELP.DLL
0x00007ff8a9550000 - 0x00007ff8a9584000 	C:\Windows\SYSTEM32\dbgcore.DLL
0x00007ff8cdb60000 - 0x00007ff8cdbe2000 	C:\Windows\System32\bcryptPrimitives.dll
0x00007ff891550000 - 0x00007ff89156f000 	D:\Program Files\Java\jdk-21\bin\java.dll

dbghelp: loaded successfully - version: 4.0.5 - missing functions: none
symbol engine: initialized successfully - sym options: 0x614 - pdb path: .;D:\Program Files\Java\jdk-21\bin;C:\Windows\SYSTEM32;C:\Windows\WinSxS\amd64_microsoft.windows.common-controls_6595b64144ccf1df_6.0.19041.6456_none_60b8a6cb71f64256;D:\Program Files\Java\jdk-21\bin\server

VM Arguments:
jvm_args: -Dclassworlds.conf=D:\Program Files\NetBeans-23\netbeans\java\maven\bin\m2.conf -Dmaven.home=D:\Program Files\NetBeans-23\netbeans\java\maven -Dlibrary.jansi.path=D:\Program Files\NetBeans-23\netbeans\java\maven\lib\jansi-native -Dmaven.multiModuleProjectDirectory=C:\Users\samrc\Embedded-project 
java_command: org.codehaus.plexus.classworlds.launcher.Launcher -Dexec.vmArgs=--enable-preview -Dexec.args=${exec.vmArgs} -classpath %classpath ${exec.mainClass} ${exec.appArgs} -Dexec.executable=D:\Program Files\Java\jdk-21\bin\java.exe -Dexec.mainClass=battleship.BattleshipGUI -Dexec.classpathScope=runtime -Dexec.appArgs= -Dmaven.ext.class.path=D:\Program Files\NetBeans-23\netbeans\java\maven-nblib\netbeans-eventspy.jar --no-transfer-progress process-classes org.codehaus.mojo:exec-maven-plugin:3.1.0:exec
java_class_path (initial): D:\Program Files\NetBeans-23\netbeans\java\maven\boot\plexus-classworlds-2.8.0.jar
Launcher Type: SUN_STANDARD

[Global flags]
     intx CICompilerCount                          = 4                                         {product} {ergonomic}
     uint ConcGCThreads                            = 3                                         {product} {ergonomic}
     uint G1ConcRefinementThreads                  = 10                                        {product} {ergonomic}
   size_t G1HeapRegionSize                         = 1048576                                   {product} {ergonomic}
    uintx GCDrainStackTargetSize                   = 64                                        {product} {ergonomic}
   size_t InitialHeapSize                          = 134217728                                 {product} {ergonomic}
   size_t MarkStackSize                            = 4194304                                   {product} {ergonomic}
   size_t MaxHeapSize                              = 2134900736                                {product} {ergonomic}
   size_t MinHeapDeltaBytes                        = 1048576                                   {product} {ergonomic}
   size_t MinHeapSize                              = 8388608                                   {product} {ergonomic}
    uintx NonNMethodCodeHeapSize                   = 5839372                                {pd product} {ergonomic}
    uintx NonProfiledCodeHeapSize                  = 122909434                              {pd product} {ergonomic}
    uintx ProfiledCodeHeapSize                     = 122909434                              {pd product} {ergonomic}
    uintx ReservedCodeCacheSize                    = 251658240                              {pd product} {ergonomic}
     bool SegmentedCodeCache                       = true                                      {product} {ergonomic}
   size_t SoftMaxHeapSize                          = 2134900736                             {manageable} {ergonomic}
     bool UseCompressedOops                        = true                           {product lp64_product} {ergonomic}
     bool UseG1GC                                  = true                                      {product} {ergonomic}
     bool UseLargePagesIndividualAllocation        = false                                  {pd product} {ergonomic}

Logging:
Log output configuration:
 #0: stdout all=warning uptime,level,tags foldmultilines=false
 #1: stderr all=off uptime,level,tags foldmultilines=false

Environment Variables:
JAVA_HOME=D:\Program Files\Java\jdk-21
PATH=D:\Program Files\Python313\Scripts\;D:\Program Files\Python313\;C:\Program Files\Common Files\Oracle\Java\javapath;C:\Program Files (x86)\Common Files\Oracle\Java\java8path;C:\Program Files (x86)\Common Files\Oracle\Java\javapath;C:\Windows\system32;C:\Windows;C:\Windows\System32\Wbem;C:\Windows\System32\WindowsPowerShell\v1.0\;C:\Windows\System32\OpenSSH\;C:\Program Files\NVIDIA Corporation\NVIDIA NvDLISR;C:\Program Files (x86)\NVIDIA Corporation\PhysX\Common;C:\Program Files\dotnet\;C:\Program Files\Microsoft SQL Server\Client SDK\ODBC\110\Tools\Binn\;C:\Program Files (x86)\Microsoft SQL Server\120\Tools\Binn\;C:\Program Files\Microsoft SQL Server\120\Tools\Binn\;C:\Program Files\Microsoft SQL Server\120\DTS\Binn\;C:\Program Files (x86)\Windows Kits\8.1\Windows Performance Toolkit\;C:\Program Files\Git\cmd;C:\Program Files\Cloudflare\Cloudflare WARP\;C:\Program Files (x86)\Windows Kits\10\Windows Performance Toolkit\;D:\Program Files\MATLAB\R2025b\bin;C:\Users\samrc\AppData\Local\Microsoft\WindowsApps;C:\msys64\ucrt64\bin;D:\Users\samrc\AppData\Local\Programs\MiKTeX\miktex\bin\x64\;D:\Users\samrc\AppData\Local\Programs\Microsoft VS Code\bin;D:\msys64\ucrt64\bin;C:\Users\samrc\.dotnet\tools;C:\Users\samrc\AppData\Local\GitHubDesktop\bin
USERNAME=samrc
OS=Windows_NT
PROCESSOR_IDENTIFIER=AMD64 Family 25 Model 33 Stepping 0, AuthenticAMD
TMP=C:\Users\samrc\AppData\Local\Temp
TEMP=C:\Users\samrc\AppData\Local\Temp




Periodic native trim disabled

---------------  S Y S T E M  ---------------

OS:
 Windows 10 , 64 bit Build 19041 (10.0.19041.5915)
OS uptime: 1 days 6:14 hours

CPU: total 12 (initial active 12) (12 cores per cpu, 2 threads per core) family 25 model 33 stepping 0 microcode 0x0, cx8, cmov, fxsr, ht, mmx, 3dnowpref, sse, sse2, sse3, ssse3, sse4a, sse4.1, sse4.2, popcnt, lzcnt, tsc, tscinvbit, avx, avx2, aes, erms, clmul, bmi1, bmi2, adx, sha, fma, vzeroupper, clflush, clflushopt, rdtscp, rdpid, fsrm, f16c, pku, cet_ss
Processor Information for all 12 processors :
  Max Mhz: 3701, Current Mhz: 3701, Mhz Limit: 3701

Memory: 4k page, system-wide physical 8136M (454M free)
TotalPageFile size 32712M (AvailPageFile size 48M)
current process WorkingSet (physical memory assigned to process): 10M, peak: 10M
current process commit charge ("private bytes"): 64M, peak: 192M

vm_info: Java HotSpot(TM) 64-Bit Server VM (21.0.7+8-LTS-245) for windows-amd64 JRE (21.0.7+8-LTS-245), built on 2025-02-21T05:11:27Z by "mach5one" with MS VC++ 17.6 (VS2022)

END.
