#
# A fatal error has been detected by the Java Runtime Environment:
#
#  EXCEPTION_ACCESS_VIOLATION (0xc0000005) at pc=0x00007ff819063496, pid=40808, tid=1260
#
# JRE version: Java(TM) SE Runtime Environment (21.0.7+8) (build 21.0.7+8-LTS-245)
# Java VM: Java HotSpot(TM) 64-Bit Server VM (21.0.7+8-LTS-245, mixed mode, sharing, tiered, compressed oops, compressed class ptrs, g1 gc, windows-amd64)
# Problematic frame:
# C  [AMDXN64.DLL+0x343496]
#
# No core dump will be written. Minidumps are not enabled by default on client versions of Windows
#
# If you would like to submit a bug report, please visit:
#   https://bugreport.java.com/bugreport/crash.jsp
# The crash happened outside the Java Virtual Machine in native code.
# See problematic frame for where to report the bug.
#

---------------  S U M M A R Y ------------

Command Line: --enable-preview battleship.BattleshipGUI

Host: AMD Ryzen 5 5600X 6-Core Processor             , 12 cores, 7G,  Windows 10 , 64 bit Build 19041 (10.0.19041.5915)
Time: Wed Oct 29 22:46:29 2025 New Zealand Daylight Time elapsed time: 0.343231 seconds (0d 0h 0m 0s)

---------------  T H R E A D  ---------------

Current thread (0x00000152ebbe3280):  JavaThread "AWT-Windows" daemon [_thread_in_native, id=1260, stack(0x0000003e4a100000,0x0000003e4a200000) (1024K)]

Stack: [0x0000003e4a100000,0x0000003e4a200000],  sp=0x0000003e4a1fa2f0,  free space=1000k
Native frames: (J=compiled Java code, j=interpreted, Vv=VM code, C=native code)
C  [AMDXN64.DLL+0x343496]

Java frames: (J=compiled Java code, j=interpreted, Vv=VM code)
j  sun.java2d.d3d.D3DGraphicsDevice.getDeviceCapsNative(I)I+0 java.desktop@21.0.7
j  sun.java2d.d3d.D3DGraphicsDevice$1.run()V+8 java.desktop@21.0.7
v  ~StubRoutines::call_stub 0x00000152de31100d
j  sun.awt.windows.WToolkit.eventLoop()V+0 java.desktop@21.0.7
j  sun.awt.windows.WToolkit.run()V+50 java.desktop@21.0.7
j  java.lang.Thread.runWith(Ljava/lang/Object;Ljava/lang/Runnable;)V+5 java.base@21.0.7
j  java.lang.Thread.run()V+19 java.base@21.0.7
v  ~StubRoutines::call_stub 0x00000152de31100d

siginfo: EXCEPTION_ACCESS_VIOLATION (0xc0000005), reading address 0x0000000000000078


Registers:
RAX=0x00000152f10cb3c0, RBX=0x00000152f10caec0, RCX=0x0000000000000000, RDX=0x0000000000000000
RSP=0x0000003e4a1fa2f0, RBP=0x0000000000000000, RSI=0x0000000000000000, RDI=0x0000000000000000
R8 =0x000000000000005a, R9 =0x000000000000005e, R10=0x0000000000000096, R11=0x0000000000000246
R12=0x00000000000062ed, R13=0x0000000000000001, R14=0x000000000000630d, R15=0x0000003e4a1fa4c0
RIP=0x00007ff819063496, EFLAGS=0x0000000000010206


Register to memory mapping:

RAX=0x00000152f10cb3c0 points into unknown readable memory: 0x0000000000000000 | 00 00 00 00 00 00 00 00
RBX=0x00000152f10caec0 points into unknown readable memory: 0x00007ff81bffa110 | 10 a1 ff 1b f8 7f 00 00
RCX=0x0 is null
RDX=0x0 is null
RSP=0x0000003e4a1fa2f0 is pointing into the stack for thread: 0x00000152ebbe3280
RBP=0x0 is null
RSI=0x0 is null
RDI=0x0 is null
R8 =0x000000000000005a is an unknown value
R9 =0x000000000000005e is an unknown value
R10=0x0000000000000096 is an unknown value
R11=0x0000000000000246 is an unknown value
R12=0x00000000000062ed is an unknown value
R13=0x0000000000000001 is an unknown value
R14=0x000000000000630d is an unknown value
R15=0x0000003e4a1fa4c0 is pointing into the stack for thread: 0x00000152ebbe3280

Top of Stack: (sp=0x0000003e4a1fa2f0)
0x0000003e4a1fa2f0:   00000152c1001000 00000000001ff000
0x0000003e4a1fa300:   00000152cc6702ac 0000000000000000
0x0000003e4a1fa310:   00000152f10caec0 00007ff819064e72
0x0000003e4a1fa320:   00000152f10caec0 0000000000000000
0x0000003e4a1fa330:   0000000000000000 0000000000000030
0x0000003e4a1fa340:   0000000000000028 0000000000000008
0x0000003e4a1fa350:   0000000000200000 0000000000000008
0x0000003e4a1fa360:   8000000100000000 00007ff8d04fb3c7
0x0000003e4a1fa370:   0000000000000020 00007ff819064881
0x0000003e4a1fa380:   0000000000000028 00000000000062ed
0x0000003e4a1fa390:   00000152f10caec0 000000000000630d
0x0000003e4a1fa3a0:   0000000000000000 0000000000200000
0x0000003e4a1fa3b0:   0000000000000020 00000000000062ed
0x0000003e4a1fa3c0:   00000152f10caec0 00007ff8190644a7
0x0000003e4a1fa3d0:   0000003e4a1fa4c0 0000000000000020
0x0000003e4a1fa3e0:   0000003e4a1faa70 00007ff8ce1363db
0x0000003e4a1fa3f0:   0000003e4a1faa01 0000000000000001
0x0000003e4a1fa400:   0000000000000000 00007ff8ce17f5ce
0x0000003e4a1fa410:   0000000000000000 00007ff8d0504a5f
0x0000003e4a1fa420:   00007ff6968c142c 0000000000000000
0x0000003e4a1fa430:   0000000000000005 0000000000001000
0x0000003e4a1fa440:   0000000000000000 0000000000000018
0x0000003e4a1fa450:   0000000000007000 000000000000630d
0x0000003e4a1fa460:   0000000000000001 0000556755b75a45
0x0000003e4a1fa470:   0000000000000001 00007ff8190640c4
0x0000003e4a1fa480:   00000152f10caec0 0000003e4a1fa4f9
0x0000003e4a1fa490:   00000000000062ed 00000000b4bbbdff
0x0000003e4a1fa4a0:   0002625a00000001 001fc82800001000
0x0000003e4a1fa4b0:   0023f37f00002000 00007ff8ce16fd58
0x0000003e4a1fa4c0:   0000000000000000 0000000000000000
0x0000003e4a1fa4d0:   0000000000000000 0000000000000000
0x0000003e4a1fa4e0:   0000556700001000 00007ff800000004 

Instructions: (pc=0x00007ff819063496)
0x00007ff819063396:   cc cc cc cc cc cc cc cc cc cc 48 8d 05 21 6d f9
0x00007ff8190633a6:   02 48 89 01 c3 cc cc cc cc cc 40 53 48 83 ec 20
0x00007ff8190633b6:   48 8d 05 0b 6d f9 02 48 8b d9 48 89 01 f6 c2 01
0x00007ff8190633c6:   74 0a ba 08 00 00 00 e8 4a 3b 89 00 48 8b c3 48
0x00007ff8190633d6:   83 c4 20 5b c3 cc cc cc cc cc 40 53 48 83 ec 20
0x00007ff8190633e6:   48 8b d9 48 8b 41 08 48 85 c0 74 1d 48 8b 11 48
0x00007ff8190633f6:   85 d2 74 15 48 8b 08 ff 50 10 33 c0 48 89 03 48
0x00007ff819063406:   89 43 08 48 83 c4 20 5b c3 33 c0 48 89 41 08 48
0x00007ff819063416:   89 01 48 83 c4 20 5b c3 cc cc 0f b6 81 28 04 00
0x00007ff819063426:   00 c3 cc cc cc cc cc cc cc cc 48 8b 01 33 d2 48
0x00007ff819063436:   ff 60 40 cc cc cc cc cc cc cc 48 89 5c 24 08 57
0x00007ff819063446:   48 83 ec 20 33 ff 48 8b d9 48 89 39 48 89 79 08
0x00007ff819063456:   48 89 79 10 48 83 c1 18 e8 cd 1a 00 00 48 8b c3
0x00007ff819063466:   48 89 9b 80 00 00 00 48 89 bb 88 00 00 00 48 89
0x00007ff819063476:   bb 90 00 00 00 48 8b 5c 24 30 48 83 c4 20 5f c3
0x00007ff819063486:   cc cc cc cc cc cc cc cc cc cc 40 53 48 83 ec 20
0x00007ff819063496:   80 79 78 00 48 8b d9 74 59 48 8d 51 30 48 89 7c
0x00007ff8190634a6:   24 38 48 8b 49 18 ff 15 1e 40 b2 00 83 f8 01 74
0x00007ff8190634b6:   1e ff 15 13 3f b2 00 3d 90 04 00 00 75 11 ff 15
0x00007ff8190634c6:   06 3f b2 00 48 8b 7c 24 38 48 83 c4 20 5b c3 48
0x00007ff8190634d6:   8b 4b 18 4c 8d 44 24 30 33 c0 48 8d 53 30 48 89
0x00007ff8190634e6:   44 24 30 44 8d 48 01 ff 15 ed 3f b2 00 48 8b 7c
0x00007ff8190634f6:   24 38 48 83 c4 20 5b c3 cc cc 48 89 5c 24 08 48
0x00007ff819063506:   89 74 24 18 57 48 83 ec 40 49 8b f9 c7 44 24 58
0x00007ff819063516:   00 00 00 00 49 8b f0 48 89 54 24 30 45 33 c9 4c
0x00007ff819063526:   8d 44 24 34 48 8b d9 ff 15 55 3c b2 00 4c 8d 4c
0x00007ff819063536:   24 58 48 c7 44 24 20 00 00 00 00 44 8b c7 48 8b
0x00007ff819063546:   d6 48 8b cb ff 15 d0 3b b2 00 83 f8 01 75 12 33
0x00007ff819063556:   c0 48 8b 5c 24 50 48 8b 74 24 60 48 83 c4 40 5f
0x00007ff819063566:   c3 ff 15 63 3e b2 00 48 8b 5c 24 50 b8 ff ff ff
0x00007ff819063576:   ff 48 8b 74 24 60 48 83 c4 40 5f c3 cc cc cc cc
0x00007ff819063586:   cc cc cc cc cc cc cc cc cc cc 48 89 5c 24 08 48 


Stack slot to memory mapping:

stack at sp + 0 slots: 0x00000152c1001000 is an unknown value
stack at sp + 1 slots: 0x00000000001ff000 is an unknown value
stack at sp + 2 slots: 0x00000152cc6702ac points into unknown readable memory: 03 00 02 01
stack at sp + 3 slots: 0x0 is null
stack at sp + 4 slots: 0x00000152f10caec0 points into unknown readable memory: 0x00007ff81bffa110 | 10 a1 ff 1b f8 7f 00 00
stack at sp + 5 slots: 0x00007ff819064e72 AMDXN64.DLL
stack at sp + 6 slots: 0x00000152f10caec0 points into unknown readable memory: 0x00007ff81bffa110 | 10 a1 ff 1b f8 7f 00 00
stack at sp + 7 slots: 0x0 is null


---------------  P R O C E S S  ---------------

Threads class SMR info:
_java_thread_list=0x00000152ebbda200, length=15, elements={
0x00000152eb77c9b0, 0x00000152eb77d6c0, 0x00000152eb77f280, 0x00000152eb77ff50,
0x00000152eb7809a0, 0x00000152eb7813f0, 0x00000152eb78aec0, 0x00000152eb78bd50,
0x00000152eba25a60, 0x00000152eba471d0, 0x00000152ebbddf60, 0x00000152ebbe2a50,
0x00000152ebbe3280, 0x00000152ebbef010, 0x00000152cc735f70
}

Java Threads: ( => current thread )
  0x00000152eb77c9b0 JavaThread "Reference Handler"          daemon [_thread_blocked, id=39860, stack(0x0000003e49500000,0x0000003e49600000) (1024K)]
  0x00000152eb77d6c0 JavaThread "Finalizer"                  daemon [_thread_blocked, id=21092, stack(0x0000003e49600000,0x0000003e49700000) (1024K)]
  0x00000152eb77f280 JavaThread "Signal Dispatcher"          daemon [_thread_blocked, id=28352, stack(0x0000003e49700000,0x0000003e49800000) (1024K)]
  0x00000152eb77ff50 JavaThread "Attach Listener"            daemon [_thread_blocked, id=7924, stack(0x0000003e49800000,0x0000003e49900000) (1024K)]
  0x00000152eb7809a0 JavaThread "Service Thread"             daemon [_thread_blocked, id=33736, stack(0x0000003e49900000,0x0000003e49a00000) (1024K)]
  0x00000152eb7813f0 JavaThread "Monitor Deflation Thread"   daemon [_thread_blocked, id=1564, stack(0x0000003e49a00000,0x0000003e49b00000) (1024K)]
  0x00000152eb78aec0 JavaThread "C2 CompilerThread0"         daemon [_thread_blocked, id=8024, stack(0x0000003e49b00000,0x0000003e49c00000) (1024K)]
  0x00000152eb78bd50 JavaThread "C1 CompilerThread0"         daemon [_thread_blocked, id=8436, stack(0x0000003e49c00000,0x0000003e49d00000) (1024K)]
  0x00000152eba25a60 JavaThread "Notification Thread"        daemon [_thread_blocked, id=34708, stack(0x0000003e49d00000,0x0000003e49e00000) (1024K)]
  0x00000152eba471d0 JavaThread "Common-Cleaner"             daemon [_thread_blocked, id=17656, stack(0x0000003e49e00000,0x0000003e49f00000) (1024K)]
  0x00000152ebbddf60 JavaThread "Java2D Disposer"            daemon [_thread_blocked, id=13520, stack(0x0000003e49f00000,0x0000003e4a000000) (1024K)]
  0x00000152ebbe2a50 JavaThread "AWT-Shutdown"                      [_thread_blocked, id=30064, stack(0x0000003e4a000000,0x0000003e4a100000) (1024K)]
=>0x00000152ebbe3280 JavaThread "AWT-Windows"                daemon [_thread_in_native, id=1260, stack(0x0000003e4a100000,0x0000003e4a200000) (1024K)]
  0x00000152ebbef010 JavaThread "AWT-EventQueue-0"                  [_thread_in_native, id=14096, stack(0x0000003e4a200000,0x0000003e4a300000) (1024K)]
  0x00000152cc735f70 JavaThread "DestroyJavaVM"                     [_thread_blocked, id=39984, stack(0x0000003e48d00000,0x0000003e48e00000) (1024K)]
Total: 15

Other Threads:
  0x00000152eb7608c0 VMThread "VM Thread"                           [id=38044, stack(0x0000003e49400000,0x0000003e49500000) (1024K)]
  0x00000152eb74c230 WatcherThread "VM Periodic Task Thread"        [id=2408, stack(0x0000003e49300000,0x0000003e49400000) (1024K)]
  0x00000152ce9974a0 WorkerThread "GC Thread#0"                     [id=38288, stack(0x0000003e48e00000,0x0000003e48f00000) (1024K)]
  0x00000152ce9a8ad0 ConcurrentGCThread "G1 Main Marker"            [id=40752, stack(0x0000003e48f00000,0x0000003e49000000) (1024K)]
  0x00000152ce9a9b80 WorkerThread "G1 Conc#0"                       [id=37188, stack(0x0000003e49000000,0x0000003e49100000) (1024K)]
  0x00000152eb6089c0 ConcurrentGCThread "G1 Refine#0"               [id=40688, stack(0x0000003e49100000,0x0000003e49200000) (1024K)]
  0x00000152eb60a350 ConcurrentGCThread "G1 Service"                [id=34952, stack(0x0000003e49200000,0x0000003e49300000) (1024K)]
Total: 7

Threads with active compile tasks:
Total: 0

VM state: not at safepoint (normal execution)

VM Mutex/Monitor currently owned by a thread: None

Heap address: 0x0000000080c00000, size: 2036 MB, Compressed Oops mode: 32-bit

CDS archive(s) mapped at: [0x0000015280000000-0x0000015280c90000-0x0000015280c90000), size 13172736, SharedBaseAddress: 0x0000015280000000, ArchiveRelocationMode: 1.
Compressed class space mapped at: 0x0000015281000000-0x00000152c1000000, reserved size: 1073741824
Narrow klass base: 0x0000015280000000, Narrow klass shift: 0, Narrow klass range: 0x100000000

GC Precious Log:
 CardTable entry size: 512
 Card Set container configuration: InlinePtr #cards 5 size 8 Array Of Cards #cards 12 size 40 Howl #buckets 4 coarsen threshold 1843 Howl Bitmap #cards 512 size 80 coarsen threshold 460 Card regions per heap region 1 cards per card region 2048
 CPUs: 12 total, 12 available
 Memory: 8136M
 Large Page Support: Disabled
 NUMA Support: Disabled
 Compressed Oops: Enabled (32-bit)
 Heap Region Size: 1M
 Heap Min Capacity: 8M
 Heap Initial Capacity: 128M
 Heap Max Capacity: 2036M
 Pre-touch: Disabled
 Parallel Workers: 10
 Concurrent Workers: 3
 Concurrent Refinement Workers: 10
 Periodic GC: Disabled

Heap:
 garbage-first heap   total 131072K, used 4096K [0x0000000080c00000, 0x0000000100000000)
  region size 1024K, 5 young (5120K), 0 survivors (0K)
 Metaspace       used 3253K, committed 3456K, reserved 1114112K
  class space    used 348K, committed 448K, reserved 1048576K

Heap Regions: E=young(eden), S=young(survivor), O=old, HS=humongous(starts), HC=humongous(continues), CS=collection set, F=free, TAMS=top-at-mark-start, PB=parsable bottom
|   0|0x0000000080c00000, 0x0000000080c00000, 0x0000000080d00000|  0%| F|  |TAMS 0x0000000080c00000| PB 0x0000000080c00000| Untracked 
|   1|0x0000000080d00000, 0x0000000080d00000, 0x0000000080e00000|  0%| F|  |TAMS 0x0000000080d00000| PB 0x0000000080d00000| Untracked 
|   2|0x0000000080e00000, 0x0000000080e00000, 0x0000000080f00000|  0%| F|  |TAMS 0x0000000080e00000| PB 0x0000000080e00000| Untracked 
|   3|0x0000000080f00000, 0x0000000080f00000, 0x0000000081000000|  0%| F|  |TAMS 0x0000000080f00000| PB 0x0000000080f00000| Untracked 
|   4|0x0000000081000000, 0x0000000081000000, 0x0000000081100000|  0%| F|  |TAMS 0x0000000081000000| PB 0x0000000081000000| Untracked 
|   5|0x0000000081100000, 0x0000000081100000, 0x0000000081200000|  0%| F|  |TAMS 0x0000000081100000| PB 0x0000000081100000| Untracked 
|   6|0x0000000081200000, 0x0000000081200000, 0x0000000081300000|  0%| F|  |TAMS 0x0000000081200000| PB 0x0000000081200000| Untracked 
|   7|0x0000000081300000, 0x0000000081300000, 0x0000000081400000|  0%| F|  |TAMS 0x0000000081300000| PB 0x0000000081300000| Untracked 
|   8|0x0000000081400000, 0x0000000081400000, 0x0000000081500000|  0%| F|  |TAMS 0x0000000081400000| PB 0x0000000081400000| Untracked 
|   9|0x0000000081500000, 0x0000000081500000, 0x0000000081600000|  0%| F|  |TAMS 0x0000000081500000| PB 0x0000000081500000| Untracked 
|  10|0x0000000081600000, 0x0000000081600000, 0x0000000081700000|  0%| F|  |TAMS 0x0000000081600000| PB 0x0000000081600000| Untracked 
|  11|0x0000000081700000, 0x0000000081700000, 0x0000000081800000|  0%| F|  |TAMS 0x0000000081700000| PB 0x0000000081700000| Untracked 
|  12|0x0000000081800000, 0x0000000081800000, 0x0000000081900000|  0%| F|  |TAMS 0x0000000081800000| PB 0x0000000081800000| Untracked 
|  13|0x0000000081900000, 0x0000000081900000, 0x0000000081a00000|  0%| F|  |TAMS 0x0000000081900000| PB 0x0000000081900000| Untracked 
|  14|0x0000000081a00000, 0x0000000081a00000, 0x0000000081b00000|  0%| F|  |TAMS 0x0000000081a00000| PB 0x0000000081a00000| Untracked 
|  15|0x0000000081b00000, 0x0000000081b00000, 0x0000000081c00000|  0%| F|  |TAMS 0x0000000081b00000| PB 0x0000000081b00000| Untracked 
|  16|0x0000000081c00000, 0x0000000081c00000, 0x0000000081d00000|  0%| F|  |TAMS 0x0000000081c00000| PB 0x0000000081c00000| Untracked 
|  17|0x0000000081d00000, 0x0000000081d00000, 0x0000000081e00000|  0%| F|  |TAMS 0x0000000081d00000| PB 0x0000000081d00000| Untracked 
|  18|0x0000000081e00000, 0x0000000081e00000, 0x0000000081f00000|  0%| F|  |TAMS 0x0000000081e00000| PB 0x0000000081e00000| Untracked 
|  19|0x0000000081f00000, 0x0000000081f00000, 0x0000000082000000|  0%| F|  |TAMS 0x0000000081f00000| PB 0x0000000081f00000| Untracked 
|  20|0x0000000082000000, 0x0000000082000000, 0x0000000082100000|  0%| F|  |TAMS 0x0000000082000000| PB 0x0000000082000000| Untracked 
|  21|0x0000000082100000, 0x0000000082100000, 0x0000000082200000|  0%| F|  |TAMS 0x0000000082100000| PB 0x0000000082100000| Untracked 
|  22|0x0000000082200000, 0x0000000082200000, 0x0000000082300000|  0%| F|  |TAMS 0x0000000082200000| PB 0x0000000082200000| Untracked 
|  23|0x0000000082300000, 0x0000000082300000, 0x0000000082400000|  0%| F|  |TAMS 0x0000000082300000| PB 0x0000000082300000| Untracked 
|  24|0x0000000082400000, 0x0000000082400000, 0x0000000082500000|  0%| F|  |TAMS 0x0000000082400000| PB 0x0000000082400000| Untracked 
|  25|0x0000000082500000, 0x0000000082500000, 0x0000000082600000|  0%| F|  |TAMS 0x0000000082500000| PB 0x0000000082500000| Untracked 
|  26|0x0000000082600000, 0x0000000082600000, 0x0000000082700000|  0%| F|  |TAMS 0x0000000082600000| PB 0x0000000082600000| Untracked 
|  27|0x0000000082700000, 0x0000000082700000, 0x0000000082800000|  0%| F|  |TAMS 0x0000000082700000| PB 0x0000000082700000| Untracked 
|  28|0x0000000082800000, 0x0000000082800000, 0x0000000082900000|  0%| F|  |TAMS 0x0000000082800000| PB 0x0000000082800000| Untracked 
|  29|0x0000000082900000, 0x0000000082900000, 0x0000000082a00000|  0%| F|  |TAMS 0x0000000082900000| PB 0x0000000082900000| Untracked 
|  30|0x0000000082a00000, 0x0000000082a00000, 0x0000000082b00000|  0%| F|  |TAMS 0x0000000082a00000| PB 0x0000000082a00000| Untracked 
|  31|0x0000000082b00000, 0x0000000082b00000, 0x0000000082c00000|  0%| F|  |TAMS 0x0000000082b00000| PB 0x0000000082b00000| Untracked 
|  32|0x0000000082c00000, 0x0000000082c00000, 0x0000000082d00000|  0%| F|  |TAMS 0x0000000082c00000| PB 0x0000000082c00000| Untracked 
|  33|0x0000000082d00000, 0x0000000082d00000, 0x0000000082e00000|  0%| F|  |TAMS 0x0000000082d00000| PB 0x0000000082d00000| Untracked 
|  34|0x0000000082e00000, 0x0000000082e00000, 0x0000000082f00000|  0%| F|  |TAMS 0x0000000082e00000| PB 0x0000000082e00000| Untracked 
|  35|0x0000000082f00000, 0x0000000082f00000, 0x0000000083000000|  0%| F|  |TAMS 0x0000000082f00000| PB 0x0000000082f00000| Untracked 
|  36|0x0000000083000000, 0x0000000083000000, 0x0000000083100000|  0%| F|  |TAMS 0x0000000083000000| PB 0x0000000083000000| Untracked 
|  37|0x0000000083100000, 0x0000000083100000, 0x0000000083200000|  0%| F|  |TAMS 0x0000000083100000| PB 0x0000000083100000| Untracked 
|  38|0x0000000083200000, 0x0000000083200000, 0x0000000083300000|  0%| F|  |TAMS 0x0000000083200000| PB 0x0000000083200000| Untracked 
|  39|0x0000000083300000, 0x0000000083300000, 0x0000000083400000|  0%| F|  |TAMS 0x0000000083300000| PB 0x0000000083300000| Untracked 
|  40|0x0000000083400000, 0x0000000083400000, 0x0000000083500000|  0%| F|  |TAMS 0x0000000083400000| PB 0x0000000083400000| Untracked 
|  41|0x0000000083500000, 0x0000000083500000, 0x0000000083600000|  0%| F|  |TAMS 0x0000000083500000| PB 0x0000000083500000| Untracked 
|  42|0x0000000083600000, 0x0000000083600000, 0x0000000083700000|  0%| F|  |TAMS 0x0000000083600000| PB 0x0000000083600000| Untracked 
|  43|0x0000000083700000, 0x0000000083700000, 0x0000000083800000|  0%| F|  |TAMS 0x0000000083700000| PB 0x0000000083700000| Untracked 
|  44|0x0000000083800000, 0x0000000083800000, 0x0000000083900000|  0%| F|  |TAMS 0x0000000083800000| PB 0x0000000083800000| Untracked 
|  45|0x0000000083900000, 0x0000000083900000, 0x0000000083a00000|  0%| F|  |TAMS 0x0000000083900000| PB 0x0000000083900000| Untracked 
|  46|0x0000000083a00000, 0x0000000083a00000, 0x0000000083b00000|  0%| F|  |TAMS 0x0000000083a00000| PB 0x0000000083a00000| Untracked 
|  47|0x0000000083b00000, 0x0000000083b00000, 0x0000000083c00000|  0%| F|  |TAMS 0x0000000083b00000| PB 0x0000000083b00000| Untracked 
|  48|0x0000000083c00000, 0x0000000083c00000, 0x0000000083d00000|  0%| F|  |TAMS 0x0000000083c00000| PB 0x0000000083c00000| Untracked 
|  49|0x0000000083d00000, 0x0000000083d00000, 0x0000000083e00000|  0%| F|  |TAMS 0x0000000083d00000| PB 0x0000000083d00000| Untracked 
|  50|0x0000000083e00000, 0x0000000083e00000, 0x0000000083f00000|  0%| F|  |TAMS 0x0000000083e00000| PB 0x0000000083e00000| Untracked 
|  51|0x0000000083f00000, 0x0000000083f00000, 0x0000000084000000|  0%| F|  |TAMS 0x0000000083f00000| PB 0x0000000083f00000| Untracked 
|  52|0x0000000084000000, 0x0000000084000000, 0x0000000084100000|  0%| F|  |TAMS 0x0000000084000000| PB 0x0000000084000000| Untracked 
|  53|0x0000000084100000, 0x0000000084100000, 0x0000000084200000|  0%| F|  |TAMS 0x0000000084100000| PB 0x0000000084100000| Untracked 
|  54|0x0000000084200000, 0x0000000084200000, 0x0000000084300000|  0%| F|  |TAMS 0x0000000084200000| PB 0x0000000084200000| Untracked 
|  55|0x0000000084300000, 0x0000000084300000, 0x0000000084400000|  0%| F|  |TAMS 0x0000000084300000| PB 0x0000000084300000| Untracked 
|  56|0x0000000084400000, 0x0000000084400000, 0x0000000084500000|  0%| F|  |TAMS 0x0000000084400000| PB 0x0000000084400000| Untracked 
|  57|0x0000000084500000, 0x0000000084500000, 0x0000000084600000|  0%| F|  |TAMS 0x0000000084500000| PB 0x0000000084500000| Untracked 
|  58|0x0000000084600000, 0x0000000084600000, 0x0000000084700000|  0%| F|  |TAMS 0x0000000084600000| PB 0x0000000084600000| Untracked 
|  59|0x0000000084700000, 0x0000000084700000, 0x0000000084800000|  0%| F|  |TAMS 0x0000000084700000| PB 0x0000000084700000| Untracked 
|  60|0x0000000084800000, 0x0000000084800000, 0x0000000084900000|  0%| F|  |TAMS 0x0000000084800000| PB 0x0000000084800000| Untracked 
|  61|0x0000000084900000, 0x0000000084900000, 0x0000000084a00000|  0%| F|  |TAMS 0x0000000084900000| PB 0x0000000084900000| Untracked 
|  62|0x0000000084a00000, 0x0000000084a00000, 0x0000000084b00000|  0%| F|  |TAMS 0x0000000084a00000| PB 0x0000000084a00000| Untracked 
|  63|0x0000000084b00000, 0x0000000084b00000, 0x0000000084c00000|  0%| F|  |TAMS 0x0000000084b00000| PB 0x0000000084b00000| Untracked 
|  64|0x0000000084c00000, 0x0000000084c00000, 0x0000000084d00000|  0%| F|  |TAMS 0x0000000084c00000| PB 0x0000000084c00000| Untracked 
|  65|0x0000000084d00000, 0x0000000084d00000, 0x0000000084e00000|  0%| F|  |TAMS 0x0000000084d00000| PB 0x0000000084d00000| Untracked 
|  66|0x0000000084e00000, 0x0000000084e00000, 0x0000000084f00000|  0%| F|  |TAMS 0x0000000084e00000| PB 0x0000000084e00000| Untracked 
|  67|0x0000000084f00000, 0x0000000084f00000, 0x0000000085000000|  0%| F|  |TAMS 0x0000000084f00000| PB 0x0000000084f00000| Untracked 
|  68|0x0000000085000000, 0x0000000085000000, 0x0000000085100000|  0%| F|  |TAMS 0x0000000085000000| PB 0x0000000085000000| Untracked 
|  69|0x0000000085100000, 0x0000000085100000, 0x0000000085200000|  0%| F|  |TAMS 0x0000000085100000| PB 0x0000000085100000| Untracked 
|  70|0x0000000085200000, 0x0000000085200000, 0x0000000085300000|  0%| F|  |TAMS 0x0000000085200000| PB 0x0000000085200000| Untracked 
|  71|0x0000000085300000, 0x0000000085300000, 0x0000000085400000|  0%| F|  |TAMS 0x0000000085300000| PB 0x0000000085300000| Untracked 
|  72|0x0000000085400000, 0x0000000085400000, 0x0000000085500000|  0%| F|  |TAMS 0x0000000085400000| PB 0x0000000085400000| Untracked 
|  73|0x0000000085500000, 0x0000000085500000, 0x0000000085600000|  0%| F|  |TAMS 0x0000000085500000| PB 0x0000000085500000| Untracked 
|  74|0x0000000085600000, 0x0000000085600000, 0x0000000085700000|  0%| F|  |TAMS 0x0000000085600000| PB 0x0000000085600000| Untracked 
|  75|0x0000000085700000, 0x0000000085700000, 0x0000000085800000|  0%| F|  |TAMS 0x0000000085700000| PB 0x0000000085700000| Untracked 
|  76|0x0000000085800000, 0x0000000085800000, 0x0000000085900000|  0%| F|  |TAMS 0x0000000085800000| PB 0x0000000085800000| Untracked 
|  77|0x0000000085900000, 0x0000000085900000, 0x0000000085a00000|  0%| F|  |TAMS 0x0000000085900000| PB 0x0000000085900000| Untracked 
|  78|0x0000000085a00000, 0x0000000085a00000, 0x0000000085b00000|  0%| F|  |TAMS 0x0000000085a00000| PB 0x0000000085a00000| Untracked 
|  79|0x0000000085b00000, 0x0000000085b00000, 0x0000000085c00000|  0%| F|  |TAMS 0x0000000085b00000| PB 0x0000000085b00000| Untracked 
|  80|0x0000000085c00000, 0x0000000085c00000, 0x0000000085d00000|  0%| F|  |TAMS 0x0000000085c00000| PB 0x0000000085c00000| Untracked 
|  81|0x0000000085d00000, 0x0000000085d00000, 0x0000000085e00000|  0%| F|  |TAMS 0x0000000085d00000| PB 0x0000000085d00000| Untracked 
|  82|0x0000000085e00000, 0x0000000085e00000, 0x0000000085f00000|  0%| F|  |TAMS 0x0000000085e00000| PB 0x0000000085e00000| Untracked 
|  83|0x0000000085f00000, 0x0000000085f00000, 0x0000000086000000|  0%| F|  |TAMS 0x0000000085f00000| PB 0x0000000085f00000| Untracked 
|  84|0x0000000086000000, 0x0000000086000000, 0x0000000086100000|  0%| F|  |TAMS 0x0000000086000000| PB 0x0000000086000000| Untracked 
|  85|0x0000000086100000, 0x0000000086100000, 0x0000000086200000|  0%| F|  |TAMS 0x0000000086100000| PB 0x0000000086100000| Untracked 
|  86|0x0000000086200000, 0x0000000086200000, 0x0000000086300000|  0%| F|  |TAMS 0x0000000086200000| PB 0x0000000086200000| Untracked 
|  87|0x0000000086300000, 0x0000000086300000, 0x0000000086400000|  0%| F|  |TAMS 0x0000000086300000| PB 0x0000000086300000| Untracked 
|  88|0x0000000086400000, 0x0000000086400000, 0x0000000086500000|  0%| F|  |TAMS 0x0000000086400000| PB 0x0000000086400000| Untracked 
|  89|0x0000000086500000, 0x0000000086500000, 0x0000000086600000|  0%| F|  |TAMS 0x0000000086500000| PB 0x0000000086500000| Untracked 
|  90|0x0000000086600000, 0x0000000086600000, 0x0000000086700000|  0%| F|  |TAMS 0x0000000086600000| PB 0x0000000086600000| Untracked 
|  91|0x0000000086700000, 0x0000000086700000, 0x0000000086800000|  0%| F|  |TAMS 0x0000000086700000| PB 0x0000000086700000| Untracked 
|  92|0x0000000086800000, 0x0000000086800000, 0x0000000086900000|  0%| F|  |TAMS 0x0000000086800000| PB 0x0000000086800000| Untracked 
|  93|0x0000000086900000, 0x0000000086900000, 0x0000000086a00000|  0%| F|  |TAMS 0x0000000086900000| PB 0x0000000086900000| Untracked 
|  94|0x0000000086a00000, 0x0000000086a00000, 0x0000000086b00000|  0%| F|  |TAMS 0x0000000086a00000| PB 0x0000000086a00000| Untracked 
|  95|0x0000000086b00000, 0x0000000086b00000, 0x0000000086c00000|  0%| F|  |TAMS 0x0000000086b00000| PB 0x0000000086b00000| Untracked 
|  96|0x0000000086c00000, 0x0000000086c00000, 0x0000000086d00000|  0%| F|  |TAMS 0x0000000086c00000| PB 0x0000000086c00000| Untracked 
|  97|0x0000000086d00000, 0x0000000086d00000, 0x0000000086e00000|  0%| F|  |TAMS 0x0000000086d00000| PB 0x0000000086d00000| Untracked 
|  98|0x0000000086e00000, 0x0000000086e00000, 0x0000000086f00000|  0%| F|  |TAMS 0x0000000086e00000| PB 0x0000000086e00000| Untracked 
|  99|0x0000000086f00000, 0x0000000086f00000, 0x0000000087000000|  0%| F|  |TAMS 0x0000000086f00000| PB 0x0000000086f00000| Untracked 
| 100|0x0000000087000000, 0x0000000087000000, 0x0000000087100000|  0%| F|  |TAMS 0x0000000087000000| PB 0x0000000087000000| Untracked 
| 101|0x0000000087100000, 0x0000000087100000, 0x0000000087200000|  0%| F|  |TAMS 0x0000000087100000| PB 0x0000000087100000| Untracked 
| 102|0x0000000087200000, 0x0000000087200000, 0x0000000087300000|  0%| F|  |TAMS 0x0000000087200000| PB 0x0000000087200000| Untracked 
| 103|0x0000000087300000, 0x0000000087300000, 0x0000000087400000|  0%| F|  |TAMS 0x0000000087300000| PB 0x0000000087300000| Untracked 
| 104|0x0000000087400000, 0x0000000087400000, 0x0000000087500000|  0%| F|  |TAMS 0x0000000087400000| PB 0x0000000087400000| Untracked 
| 105|0x0000000087500000, 0x0000000087500000, 0x0000000087600000|  0%| F|  |TAMS 0x0000000087500000| PB 0x0000000087500000| Untracked 
| 106|0x0000000087600000, 0x0000000087600000, 0x0000000087700000|  0%| F|  |TAMS 0x0000000087600000| PB 0x0000000087600000| Untracked 
| 107|0x0000000087700000, 0x0000000087700000, 0x0000000087800000|  0%| F|  |TAMS 0x0000000087700000| PB 0x0000000087700000| Untracked 
| 108|0x0000000087800000, 0x0000000087800000, 0x0000000087900000|  0%| F|  |TAMS 0x0000000087800000| PB 0x0000000087800000| Untracked 
| 109|0x0000000087900000, 0x0000000087900000, 0x0000000087a00000|  0%| F|  |TAMS 0x0000000087900000| PB 0x0000000087900000| Untracked 
| 110|0x0000000087a00000, 0x0000000087a00000, 0x0000000087b00000|  0%| F|  |TAMS 0x0000000087a00000| PB 0x0000000087a00000| Untracked 
| 111|0x0000000087b00000, 0x0000000087b00000, 0x0000000087c00000|  0%| F|  |TAMS 0x0000000087b00000| PB 0x0000000087b00000| Untracked 
| 112|0x0000000087c00000, 0x0000000087c00000, 0x0000000087d00000|  0%| F|  |TAMS 0x0000000087c00000| PB 0x0000000087c00000| Untracked 
| 113|0x0000000087d00000, 0x0000000087d00000, 0x0000000087e00000|  0%| F|  |TAMS 0x0000000087d00000| PB 0x0000000087d00000| Untracked 
| 114|0x0000000087e00000, 0x0000000087e00000, 0x0000000087f00000|  0%| F|  |TAMS 0x0000000087e00000| PB 0x0000000087e00000| Untracked 
| 115|0x0000000087f00000, 0x0000000087f00000, 0x0000000088000000|  0%| F|  |TAMS 0x0000000087f00000| PB 0x0000000087f00000| Untracked 
| 116|0x0000000088000000, 0x0000000088000000, 0x0000000088100000|  0%| F|  |TAMS 0x0000000088000000| PB 0x0000000088000000| Untracked 
| 117|0x0000000088100000, 0x0000000088100000, 0x0000000088200000|  0%| F|  |TAMS 0x0000000088100000| PB 0x0000000088100000| Untracked 
| 118|0x0000000088200000, 0x0000000088200000, 0x0000000088300000|  0%| F|  |TAMS 0x0000000088200000| PB 0x0000000088200000| Untracked 
| 119|0x0000000088300000, 0x0000000088300000, 0x0000000088400000|  0%| F|  |TAMS 0x0000000088300000| PB 0x0000000088300000| Untracked 
| 120|0x0000000088400000, 0x0000000088400000, 0x0000000088500000|  0%| F|  |TAMS 0x0000000088400000| PB 0x0000000088400000| Untracked 
| 121|0x0000000088500000, 0x0000000088500000, 0x0000000088600000|  0%| F|  |TAMS 0x0000000088500000| PB 0x0000000088500000| Untracked 
| 122|0x0000000088600000, 0x0000000088600000, 0x0000000088700000|  0%| F|  |TAMS 0x0000000088600000| PB 0x0000000088600000| Untracked 
| 123|0x0000000088700000, 0x00000000887eb938, 0x0000000088800000| 92%| E|  |TAMS 0x0000000088700000| PB 0x0000000088700000| Complete 
| 124|0x0000000088800000, 0x0000000088900000, 0x0000000088900000|100%| E|CS|TAMS 0x0000000088800000| PB 0x0000000088800000| Complete 
| 125|0x0000000088900000, 0x0000000088a00000, 0x0000000088a00000|100%| E|CS|TAMS 0x0000000088900000| PB 0x0000000088900000| Complete 
| 126|0x0000000088a00000, 0x0000000088b00000, 0x0000000088b00000|100%| E|CS|TAMS 0x0000000088a00000| PB 0x0000000088a00000| Complete 
| 127|0x0000000088b00000, 0x0000000088c00000, 0x0000000088c00000|100%| E|CS|TAMS 0x0000000088b00000| PB 0x0000000088b00000| Complete 

Card table byte_map: [0x00000152e6730000,0x00000152e6b30000] _byte_map_base: 0x00000152e632a000

Marking Bits: (CMBitMap*) 0x00000152ce9981c0
 Bits: [0x00000152e6b30000, 0x00000152e8b00000)

Polling page: 0x00000152cc8e0000

Metaspace:

Usage:
  Non-class:      2.84 MB used.
      Class:    348.20 KB used.
       Both:      3.18 MB used.

Virtual space:
  Non-class space:       64.00 MB reserved,       2.94 MB (  5%) committed,  1 nodes.
      Class space:        1.00 GB reserved,     448.00 KB ( <1%) committed,  1 nodes.
             Both:        1.06 GB reserved,       3.38 MB ( <1%) committed. 

Chunk freelists:
   Non-Class:  11.89 MB
       Class:  15.54 MB
        Both:  27.43 MB

MaxMetaspaceSize: unlimited
CompressedClassSpaceSize: 1.00 GB
Initial GC threshold: 21.00 MB
Current GC threshold: 21.00 MB
CDS: on
 - commit_granule_bytes: 65536.
 - commit_granule_words: 8192.
 - virtual_space_node_default_size: 8388608.
 - enlarge_chunks_in_place: 1.
 - use_allocation_guard: 0.


Internal statistics:

num_allocs_failed_limit: 0.
num_arena_births: 90.
num_arena_deaths: 0.
num_vsnodes_births: 2.
num_vsnodes_deaths: 0.
num_space_committed: 54.
num_space_uncommitted: 0.
num_chunks_returned_to_freelist: 0.
num_chunks_taken_from_freelist: 107.
num_chunk_merges: 0.
num_chunk_splits: 69.
num_chunks_enlarged: 34.
num_inconsistent_stats: 0.

CodeHeap 'non-profiled nmethods': size=120000Kb used=125Kb max_used=125Kb free=119874Kb
 bounds [0x00000152de8b0000, 0x00000152deb20000, 0x00000152e5de0000]
CodeHeap 'profiled nmethods': size=120000Kb used=472Kb max_used=472Kb free=119527Kb
 bounds [0x00000152d6de0000, 0x00000152d7050000, 0x00000152de310000]
CodeHeap 'non-nmethods': size=5760Kb used=1386Kb max_used=1396Kb free=4373Kb
 bounds [0x00000152de310000, 0x00000152de580000, 0x00000152de8b0000]
 total_blobs=844 nmethods=359 adapters=390
 compilation: enabled
              stopped_count=0, restarted_count=0
 full_count=0

Compilation events (20 events):
Event: 0.184 Thread 0x00000152eb78bd50  349       3       java.lang.Class::getName (18 bytes)
Event: 0.184 Thread 0x00000152eb78bd50 nmethod 349 0x00000152d6e4fa90 code [0x00000152d6e4fc40, 0x00000152d6e4fdd0]
Event: 0.185 Thread 0x00000152eb78bd50  350       3       java.lang.invoke.MethodTypeForm::canonicalize (59 bytes)
Event: 0.185 Thread 0x00000152eb78bd50 nmethod 350 0x00000152d6e4fe90 code [0x00000152d6e50080, 0x00000152d6e50390]
Event: 0.185 Thread 0x00000152eb78bd50  351       3       java.lang.invoke.MethodType$ConcurrentWeakInternSet::add (66 bytes)
Event: 0.185 Thread 0x00000152eb78bd50 nmethod 351 0x00000152d6e50490 code [0x00000152d6e50700, 0x00000152d6e51338]
Event: 0.185 Thread 0x00000152eb78bd50  354       3       java.lang.invoke.MemberName::getMethodOrFieldType (72 bytes)
Event: 0.185 Thread 0x00000152eb78aec0  357       4       java.lang.invoke.MethodType::parameterType (7 bytes)
Event: 0.185 Thread 0x00000152eb78bd50 nmethod 354 0x00000152d6e51710 code [0x00000152d6e51a60, 0x00000152d6e52840]
Event: 0.186 Thread 0x00000152eb78bd50  355   !   3       java.lang.invoke.MemberName::getMethodType (211 bytes)
Event: 0.186 Thread 0x00000152eb78aec0 nmethod 357 0x00000152de8cef10 code [0x00000152de8cf0a0, 0x00000152de8cf170]
Event: 0.186 Thread 0x00000152eb78bd50 nmethod 355 0x00000152d6e52d10 code [0x00000152d6e52fe0, 0x00000152d6e543d0]
Event: 0.186 Thread 0x00000152eb78bd50  353       3       java.lang.reflect.Modifier::isProtected (12 bytes)
Event: 0.186 Thread 0x00000152eb78bd50 nmethod 353 0x00000152d6e54910 code [0x00000152d6e54aa0, 0x00000152d6e54be8]
Event: 0.186 Thread 0x00000152eb78bd50  352       3       java.lang.invoke.MemberName$Factory::resolveOrFail (79 bytes)
Event: 0.186 Thread 0x00000152eb78bd50 nmethod 352 0x00000152d6e54c90 code [0x00000152d6e54ec0, 0x00000152d6e55628]
Event: 0.186 Thread 0x00000152eb78bd50  356   !   3       java.lang.invoke.MemberName::clone (14 bytes)
Event: 0.186 Thread 0x00000152eb78bd50 nmethod 356 0x00000152d6e55890 code [0x00000152d6e55a60, 0x00000152d6e55dc0]
Event: 0.283 Thread 0x00000152eb78bd50  359       3       java.util.concurrent.ConcurrentHashMap$BaseIterator::hasNext (13 bytes)
Event: 0.283 Thread 0x00000152eb78bd50 nmethod 359 0x00000152d6e55f10 code [0x00000152d6e560a0, 0x00000152d6e56208]

GC Heap History (0 events):
No events

Dll operation events (7 events):
Event: 0.004 Loaded shared library D:\Program Files\Java\jdk-21\bin\java.dll
Event: 0.028 Loaded shared library D:\Program Files\Java\jdk-21\bin\jsvml.dll
Event: 0.073 Loaded shared library D:\Program Files\Java\jdk-21\bin\jimage.dll
Event: 0.076 Loaded shared library D:\Program Files\Java\jdk-21\bin\net.dll
Event: 0.077 Loaded shared library D:\Program Files\Java\jdk-21\bin\nio.dll
Event: 0.082 Loaded shared library D:\Program Files\Java\jdk-21\bin\zip.dll
Event: 0.107 Loaded shared library D:\Program Files\Java\jdk-21\bin\awt.dll

Deoptimization events (0 events):
No events

Classes loaded (20 events):
Event: 0.189 Loading class sun/awt/SunDisplayChanger
Event: 0.189 Loading class sun/awt/SunDisplayChanger done
Event: 0.189 Loading class java/awt/GraphicsDevice
Event: 0.189 Loading class java/awt/GraphicsDevice done
Event: 0.189 Loading class sun/java2d/d3d/D3DGraphicsDevice
Event: 0.189 Loading class sun/awt/Win32GraphicsDevice
Event: 0.190 Loading class sun/awt/Win32GraphicsDevice done
Event: 0.190 Loading class sun/java2d/d3d/D3DGraphicsDevice done
Event: 0.282 Loading class sun/java2d/d3d/D3DRenderQueue
Event: 0.282 Loading class sun/java2d/pipe/RenderQueue
Event: 0.282 Loading class sun/java2d/pipe/RenderQueue done
Event: 0.282 Loading class sun/java2d/d3d/D3DRenderQueue done
Event: 0.282 Loading class sun/java2d/pipe/RenderBuffer
Event: 0.283 Loading class sun/java2d/pipe/RenderBuffer done
Event: 0.283 Loading class sun/java2d/d3d/D3DRenderQueue$1
Event: 0.283 Loading class sun/java2d/d3d/D3DRenderQueue$1 done
Event: 0.283 Loading class sun/java2d/d3d/D3DGraphicsDevice$1Result
Event: 0.283 Loading class sun/java2d/d3d/D3DGraphicsDevice$1Result done
Event: 0.283 Loading class sun/java2d/d3d/D3DGraphicsDevice$1
Event: 0.283 Loading class sun/java2d/d3d/D3DGraphicsDevice$1 done

Classes unloaded (0 events):
No events

Classes redefined (0 events):
No events

Internal exceptions (3 events):
Event: 0.089 Thread 0x00000152cc735f70 Exception <a 'java/lang/ClassNotFoundException'{0x0000000088962790}: sun/awt/resources/spi/awtProvider> (0x0000000088962790) 
thrown [s\open\src\hotspot\share\classfile\systemDictionary.cpp, line 312]
Event: 0.116 Thread 0x00000152cc735f70 Exception <a 'java/io/FileNotFoundException'{0x00000000889bc608}> (0x00000000889bc608) 
thrown [s\open\src\hotspot\share\prims\jni.cpp, line 520]
Event: 0.120 Thread 0x00000152cc735f70 Exception <a 'java/io/FileNotFoundException'{0x00000000889e6658}> (0x00000000889e6658) 
thrown [s\open\src\hotspot\share\prims\jni.cpp, line 520]

ZGC Phase Switch (0 events):
No events

VM Operations (6 events):
Event: 0.048 Executing VM operation: HandshakeAllThreads (Deoptimize)
Event: 0.048 Executing VM operation: HandshakeAllThreads (Deoptimize) done
Event: 0.082 Executing VM operation: HandshakeAllThreads (Deoptimize)
Event: 0.082 Executing VM operation: HandshakeAllThreads (Deoptimize) done
Event: 0.130 Executing VM operation: HandshakeAllThreads (Deoptimize)
Event: 0.130 Executing VM operation: HandshakeAllThreads (Deoptimize) done

Events (17 events):
Event: 0.017 Thread 0x00000152cc735f70 Thread added: 0x00000152cc735f70
Event: 0.026 Thread 0x00000152eb77c9b0 Thread added: 0x00000152eb77c9b0
Event: 0.026 Thread 0x00000152eb77d6c0 Thread added: 0x00000152eb77d6c0
Event: 0.026 Thread 0x00000152eb77f280 Thread added: 0x00000152eb77f280
Event: 0.027 Thread 0x00000152eb77ff50 Thread added: 0x00000152eb77ff50
Event: 0.027 Thread 0x00000152eb7809a0 Thread added: 0x00000152eb7809a0
Event: 0.027 Thread 0x00000152eb7813f0 Thread added: 0x00000152eb7813f0
Event: 0.027 Thread 0x00000152eb78aec0 Thread added: 0x00000152eb78aec0
Event: 0.027 Thread 0x00000152eb78bd50 Thread added: 0x00000152eb78bd50
Event: 0.038 Thread 0x00000152eba25a60 Thread added: 0x00000152eba25a60
Event: 0.040 Thread 0x00000152eba471d0 Thread added: 0x00000152eba471d0
Event: 0.168 Thread 0x00000152ebbddf60 Thread added: 0x00000152ebbddf60
Event: 0.170 Thread 0x00000152ebbe2a50 Thread added: 0x00000152ebbe2a50
Event: 0.171 Thread 0x00000152ebbe3280 Thread added: 0x00000152ebbe3280
Event: 0.182 Thread 0x00000152ebbef010 Thread added: 0x00000152ebbef010
Event: 0.183 Thread 0x00000152cc735f70 Thread exited: 0x00000152cc735f70
Event: 0.183 Thread 0x00000152cc735f70 Thread added: 0x00000152cc735f70


Dynamic libraries:
0x00007ff6968c0000 - 0x00007ff6968d0000 	D:\Program Files\Java\jdk-21\bin\java.exe
0x00007ff8d04d0000 - 0x00007ff8d06c8000 	C:\Windows\SYSTEM32\ntdll.dll
0x00007ff8cfeb0000 - 0x00007ff8cff72000 	C:\Windows\System32\KERNEL32.DLL
0x00007ff8ce110000 - 0x00007ff8ce406000 	C:\Windows\System32\KERNELBASE.dll
0x00007ff8cdde0000 - 0x00007ff8cdee0000 	C:\Windows\System32\ucrtbase.dll
0x00007ff8a98f0000 - 0x00007ff8a9909000 	D:\Program Files\Java\jdk-21\bin\jli.dll
0x00007ff8918c0000 - 0x00007ff8918db000 	D:\Program Files\Java\jdk-21\bin\VCRUNTIME140.dll
0x00007ff8d0130000 - 0x00007ff8d01e1000 	C:\Windows\System32\ADVAPI32.dll
0x00007ff8cedd0000 - 0x00007ff8cee6e000 	C:\Windows\System32\msvcrt.dll
0x00007ff8ce6e0000 - 0x00007ff8ce77f000 	C:\Windows\System32\sechost.dll
0x00007ff8ce5c0000 - 0x00007ff8ce6e0000 	C:\Windows\System32\RPCRT4.dll
0x00007ff8ce4c0000 - 0x00007ff8ce4e7000 	C:\Windows\System32\bcrypt.dll
0x00007ff8cff80000 - 0x00007ff8d0121000 	C:\Windows\System32\USER32.dll
0x00007ff8cddb0000 - 0x00007ff8cddd2000 	C:\Windows\System32\win32u.dll
0x00007ff8bc410000 - 0x00007ff8bc6ab000 	C:\Windows\WinSxS\amd64_microsoft.windows.common-controls_6595b64144ccf1df_6.0.19041.6456_none_60b8a6cb71f64256\COMCTL32.dll
0x00007ff8cfb20000 - 0x00007ff8cfb4b000 	C:\Windows\System32\GDI32.dll
0x00007ff8cdc90000 - 0x00007ff8cdda9000 	C:\Windows\System32\gdi32full.dll
0x00007ff8cdbf0000 - 0x00007ff8cdc8d000 	C:\Windows\System32\msvcp_win.dll
0x00007ff8cc830000 - 0x00007ff8cc83a000 	C:\Windows\SYSTEM32\VERSION.dll
0x00007ff8cef40000 - 0x00007ff8cef6f000 	C:\Windows\System32\IMM32.DLL
0x00007ff8a7250000 - 0x00007ff8a725c000 	D:\Program Files\Java\jdk-21\bin\vcruntime140_1.dll
0x00007ff8617a0000 - 0x00007ff86182e000 	D:\Program Files\Java\jdk-21\bin\msvcp140.dll
0x00007ff8648d0000 - 0x00007ff8655ea000 	D:\Program Files\Java\jdk-21\bin\server\jvm.dll
0x00007ff8ce4f0000 - 0x00007ff8ce55b000 	C:\Windows\System32\WS2_32.dll
0x00007ff8cd330000 - 0x00007ff8cd37b000 	C:\Windows\SYSTEM32\POWRPROF.dll
0x00007ff8bd3b0000 - 0x00007ff8bd3d7000 	C:\Windows\SYSTEM32\WINMM.dll
0x00007ff8cd2f0000 - 0x00007ff8cd302000 	C:\Windows\SYSTEM32\UMPDC.dll
0x00007ff8cc790000 - 0x00007ff8cc7a2000 	C:\Windows\SYSTEM32\kernel.appcore.dll
0x00007ff8a4f90000 - 0x00007ff8a4f9a000 	D:\Program Files\Java\jdk-21\bin\jimage.dll
0x00007ff8c5770000 - 0x00007ff8c5971000 	C:\Windows\SYSTEM32\DBGHELP.DLL
0x00007ff8a9550000 - 0x00007ff8a9584000 	C:\Windows\SYSTEM32\dbgcore.DLL
0x00007ff8cdb60000 - 0x00007ff8cdbe2000 	C:\Windows\System32\bcryptPrimitives.dll
0x00007ff891550000 - 0x00007ff89156f000 	D:\Program Files\Java\jdk-21\bin\java.dll
0x00007ff8cf180000 - 0x00007ff8cf8f0000 	C:\Windows\System32\SHELL32.dll
0x00007ff8cb5e0000 - 0x00007ff8cbd85000 	C:\Windows\SYSTEM32\windows.storage.dll
0x00007ff8cfb50000 - 0x00007ff8cfea4000 	C:\Windows\System32\combase.dll
0x00007ff8cd590000 - 0x00007ff8cd5bb000 	C:\Windows\SYSTEM32\Wldp.dll
0x00007ff8cf0b0000 - 0x00007ff8cf17d000 	C:\Windows\System32\OLEAUT32.dll
0x00007ff8cee90000 - 0x00007ff8cef3d000 	C:\Windows\System32\SHCORE.dll
0x00007ff8ce560000 - 0x00007ff8ce5bb000 	C:\Windows\System32\shlwapi.dll
0x00007ff8cda90000 - 0x00007ff8cdab4000 	C:\Windows\SYSTEM32\profapi.dll
0x00007ff8873e0000 - 0x00007ff8874b7000 	D:\Program Files\Java\jdk-21\bin\jsvml.dll
0x00007ff8a3ac0000 - 0x00007ff8a3ad0000 	D:\Program Files\Java\jdk-21\bin\net.dll
0x00007ff8c8080000 - 0x00007ff8c818a000 	C:\Windows\SYSTEM32\WINHTTP.dll
0x00007ff8cd280000 - 0x00007ff8cd2ea000 	C:\Windows\system32\mswsock.dll
0x00007ff88d980000 - 0x00007ff88d996000 	D:\Program Files\Java\jdk-21\bin\nio.dll
0x00007ff88d600000 - 0x00007ff88d618000 	D:\Program Files\Java\jdk-21\bin\zip.dll
0x00007ff88c5e0000 - 0x00007ff88c76f000 	D:\Program Files\Java\jdk-21\bin\awt.dll
0x00007ff8c9a50000 - 0x00007ff8c9ae4000 	C:\Windows\SYSTEM32\apphelp.dll
0x00007ff8cae90000 - 0x00007ff8caf2e000 	C:\Windows\system32\uxtheme.dll
0x00007ff8cf8f0000 - 0x00007ff8cfa05000 	C:\Windows\System32\MSCTF.dll
0x00007ff8cef80000 - 0x00007ff8cf0ab000 	C:\Windows\System32\ole32.dll
0x00007ff8cb100000 - 0x00007ff8cb12e000 	C:\Windows\system32\DWMAPI.DLL
0x00007ff860390000 - 0x00007ff8604b8000 	C:\Windows\system32\opengl32.dll
0x00007ff88fa70000 - 0x00007ff88fa9c000 	C:\Windows\SYSTEM32\GLU32.dll
0x00007ff8c2110000 - 0x00007ff8c22e1000 	C:\Windows\system32\d3d9.dll
0x00007ff8c5c10000 - 0x00007ff8c5c30000 	C:\Windows\System32\DriverStore\FileRepository\u0409016.inf_amd64_2b8774c9217183cc\B408421\atidx9loader64.dll
0x00007ff818d20000 - 0x00007ff81c6ce000 	C:\Windows\System32\DriverStore\FileRepository\u0409016.inf_amd64_2b8774c9217183cc\B408421\AMDXN64.DLL
0x00007ff8ce810000 - 0x00007ff8cec80000 	C:\Windows\System32\SETUPAPI.dll
0x00007ff8cdee0000 - 0x00007ff8cdf2e000 	C:\Windows\System32\cfgmgr32.dll
0x00007ff8cc130000 - 0x00007ff8cc226000 	C:\Windows\SYSTEM32\dxgi.dll
0x00007ff8bcf50000 - 0x00007ff8bcf89000 	C:\Windows\System32\DriverStore\FileRepository\u0409016.inf_amd64_2b8774c9217183cc\B408421\amdihk64.dll

dbghelp: loaded successfully - version: 4.0.5 - missing functions: none
symbol engine: initialized successfully - sym options: 0x614 - pdb path: .;D:\Program Files\Java\jdk-21\bin;C:\Windows\SYSTEM32;C:\Windows\WinSxS\amd64_microsoft.windows.common-controls_6595b64144ccf1df_6.0.19041.6456_none_60b8a6cb71f64256;D:\Program Files\Java\jdk-21\bin\server;C:\Windows\System32\DriverStore\FileRepository\u0409016.inf_amd64_2b8774c9217183cc\B408421

VM Arguments:
jvm_args: --enable-preview 
java_command: battleship.BattleshipGUI
java_class_path (initial): C:\Users\samrc\Embedded-project\target\classes;C:\Users\samrc\.m2\repository\org\apache\derby\derby\10.14.2.0\derby-10.14.2.0.jar
Launcher Type: SUN_STANDARD

[Global flags]
     intx CICompilerCount                          = 4                                         {product} {ergonomic}
     uint ConcGCThreads                            = 3                                         {product} {ergonomic}
     uint G1ConcRefinementThreads                  = 10                                        {product} {ergonomic}
   size_t G1HeapRegionSize                         = 1048576                                   {product} {ergonomic}
    uintx GCDrainStackTargetSize                   = 64                                        {product} {ergonomic}
   size_t InitialHeapSize                          = 134217728                                 {product} {ergonomic}
   size_t MarkStackSize                            = 4194304                                   {product} {ergonomic}
   size_t MaxHeapSize                              = 2134900736                                {product} {ergonomic}
   size_t MaxNewSize                               = 1280311296                                {product} {ergonomic}
   size_t MinHeapDeltaBytes                        = 1048576                                   {product} {ergonomic}
   size_t MinHeapSize                              = 8388608                                   {product} {ergonomic}
    uintx NonNMethodCodeHeapSize                   = 5839372                                {pd product} {ergonomic}
    uintx NonProfiledCodeHeapSize                  = 122909434                              {pd product} {ergonomic}
    uintx ProfiledCodeHeapSize                     = 122909434                              {pd product} {ergonomic}
    uintx ReservedCodeCacheSize                    = 251658240                              {pd product} {ergonomic}
     bool SegmentedCodeCache                       = true                                      {product} {ergonomic}
   size_t SoftMaxHeapSize                          = 2134900736                             {manageable} {ergonomic}
     bool UseCompressedOops                        = true                           {product lp64_product} {ergonomic}
     bool UseG1GC                                  = true                                      {product} {ergonomic}
     bool UseLargePagesIndividualAllocation        = false                                  {pd product} {ergonomic}

Logging:
Log output configuration:
 #0: stdout all=warning uptime,level,tags foldmultilines=false
 #1: stderr all=off uptime,level,tags foldmultilines=false

Environment Variables:
JAVA_HOME=D:\Program Files\Java\jdk-21
PATH=D:\Program Files\Python313\Scripts\;D:\Program Files\Python313\;C:\Program Files\Common Files\Oracle\Java\javapath;C:\Program Files (x86)\Common Files\Oracle\Java\java8path;C:\Program Files (x86)\Common Files\Oracle\Java\javapath;C:\Windows\system32;C:\Windows;C:\Windows\System32\Wbem;C:\Windows\System32\WindowsPowerShell\v1.0\;C:\Windows\System32\OpenSSH\;C:\Program Files\NVIDIA Corporation\NVIDIA NvDLISR;C:\Program Files (x86)\NVIDIA Corporation\PhysX\Common;C:\Program Files\dotnet\;C:\Program Files\Microsoft SQL Server\Client SDK\ODBC\110\Tools\Binn\;C:\Program Files (x86)\Microsoft SQL Server\120\Tools\Binn\;C:\Program Files\Microsoft SQL Server\120\Tools\Binn\;C:\Program Files\Microsoft SQL Server\120\DTS\Binn\;C:\Program Files (x86)\Windows Kits\8.1\Windows Performance Toolkit\;C:\Program Files\Git\cmd;C:\Program Files\Cloudflare\Cloudflare WARP\;C:\Program Files (x86)\Windows Kits\10\Windows Performance Toolkit\;D:\Program Files\MATLAB\R2025b\bin;C:\Users\samrc\AppData\Local\Microsoft\WindowsApps;C:\msys64\ucrt64\bin;D:\Users\samrc\AppData\Local\Programs\MiKTeX\miktex\bin\x64\;D:\Users\samrc\AppData\Local\Programs\Microsoft VS Code\bin;D:\msys64\ucrt64\bin;C:\Users\samrc\.dotnet\tools;C:\Users\samrc\AppData\Local\GitHubDesktop\bin
USERNAME=samrc
OS=Windows_NT
PROCESSOR_IDENTIFIER=AMD64 Family 25 Model 33 Stepping 0, AuthenticAMD
TMP=C:\Users\samrc\AppData\Local\Temp
TEMP=C:\Users\samrc\AppData\Local\Temp




Periodic native trim disabled

---------------  S Y S T E M  ---------------

OS:
 Windows 10 , 64 bit Build 19041 (10.0.19041.5915)
OS uptime: 1 days 6:00 hours

CPU: total 12 (initial active 12) (12 cores per cpu, 2 threads per core) family 25 model 33 stepping 0 microcode 0x0, cx8, cmov, fxsr, ht, mmx, 3dnowpref, sse, sse2, sse3, ssse3, sse4a, sse4.1, sse4.2, popcnt, lzcnt, tsc, tscinvbit, avx, avx2, aes, erms, clmul, bmi1, bmi2, adx, sha, fma, vzeroupper, clflush, clflushopt, rdtscp, rdpid, fsrm, f16c, pku, cet_ss
Processor Information for all 12 processors :
  Max Mhz: 3701, Current Mhz: 3701, Mhz Limit: 3701

Memory: 4k page, system-wide physical 8136M (322M free)
TotalPageFile size 32712M (AvailPageFile size 0M)
current process WorkingSet (physical memory assigned to process): 56M, peak: 56M
current process commit charge ("private bytes"): 232M, peak: 234M

vm_info: Java HotSpot(TM) 64-Bit Server VM (21.0.7+8-LTS-245) for windows-amd64 JRE (21.0.7+8-LTS-245), built on 2025-02-21T05:11:27Z by "mach5one" with MS VC++ 17.6 (VS2022)

END.
